**** BROKEN LINK REPORT ****
/view/sp-inform/consulting-services
/view/sp-inform/blogs/maximizing-roi-6-tips-for-successful-ppc-advertising-campaigns
/view/sp-inform/blogs/10-Effective-Ways-to-Boost-Your-Social-Media-Engagement-for-Different-Age
/view/sp-inform/blogs/9-Powerful-Strategies-to-Drive-Organic-Traffic-to-Your-Website
/view/sp-inform/blogs/The-Power-of-Voice-Search-Unlocking-Content-Optimization-4-Voice-Assistant
/view/sp-inform/faq
/view/sp-inform/consulting-services
/view/sp-inform/blogs/maximizing-roi-6-tips-for-successful-ppc-advertising-campaigns
/view/sp-inform/blogs/10-Effective-Ways-to-Boost-Your-Social-Media-Engagement-for-Different-Age
/view/sp-inform/blogs/9-Powerful-Strategies-to-Drive-Organic-Traffic-to-Your-Website
/view/sp-inform/blogs/The-Power-of-Voice-Search-Unlocking-Content-Optimization-4-Voice-Assistant
/view/sp-inform/faq
/view/sp-inform/consulting-services
/view/sp-inform/blogs/maximizing-roi-6-tips-for-successful-ppc-advertising-campaigns
/view/sp-inform/blogs/10-Effective-Ways-to-Boost-Your-Social-Media-Engagement-for-Different-Age
/view/sp-inform/blogs/9-Powerful-Strategies-to-Drive-Organic-Traffic-to-Your-Website
/view/sp-inform/blogs/The-Power-of-Voice-Search-Unlocking-Content-Optimization-4-Voice-Assistant
/view/sp-inform/faq
/view/sp-inform/product
/view/sp-inform/product
/view/sp-inform/product
/view/sp-inform/product
/view/sp-inform/product
/view/sp-inform/consulting-services
/view/sp-inform/consulting-services
